Arguments: 
  /usr/local/bin/node /Users/peterhychan/.yarn/bin/yarn.js install

PATH: 
  /usr/local/opt/icu4c/sbin:/usr/local/opt/icu4c/bin:/usr/local/opt/icu4c/sbin:/usr/local/opt/icu4c/bin:/Users/peterhychan/.yarn/bin:/Users/peterhychan/.config/yarn/global/node_modules/.bin:/Users/peterhychan/.composer/vendor/bin:/usr/local/opt/node@10/bin:/usr/local/opt/libxml2/bin:/Users/peterhychan/bin:/usr/local/bin:/Library/Frameworks/Python.framework/Versions/3.7/bin:/usr/local/bin:/usr/bin:/bin:/usr/sbin:/sbin:/usr/local/go/bin:/opt/X11/bin:/Applications/Wireshark.app/Contents/MacOS:/Users/peterhychan/desktop/development/flutter/bin

Yarn version: 
  1.15.2

Node version: 
  10.16.0

Platform: 
  darwin x64

Trace: 
  SyntaxError: /Users/peterhychan/Desktop/wouldyourather/package.json: Unexpected token } in JSON at position 714
      at JSON.parse (<anonymous>)
      at /Users/peterhychan/.yarn/lib/cli.js:1625:59
      at Generator.next (<anonymous>)
      at step (/Users/peterhychan/.yarn/lib/cli.js:304:30)
      at /Users/peterhychan/.yarn/lib/cli.js:315:13

npm manifest: 
  {
    "name": "WouldYouRatherApp",
    "version": "1.0.0",
    "private": true,
    "homepage": "https://github.com/peterhychan/wouldyourather",
    "dependencies": {
      "bootstrap": "^4.1.1",
      "gh-pages": "^2.1.1",
      "react": "^16.4.0",
      "react-dom": "^16.4.0",
      "react-redux": "^5.0.7",
      "react-redux-loading": "^1.0.1",
      "react-router-dom": "^4.3.1",
      "react-scripts": "1.1.4",
      "reactstrap": "^6.2.0",
      "redux": "^4.0.0",
      "redux-thunk": "^2.3.0"
    },
    "scripts": {
      "start": "react-scripts start",
      "build": "react-scripts build",
      "test": "react-scripts test --env=jsdom",
      "eject": "react-scripts eject",
      "predeploy":"npm run build",
      "deploy":"gh-pages -d build",
    }
  }

yarn manifest: 
  No manifest

Lockfile: 
  No lockfile
